Brute Force 	 Brute Force Shared 	 Brute Force -Dyn 	 Quick Search 	 Quick Search -Dyn
File Name: Input/Sample-Text.txt

BF 
0.075360	SBF 
0.048224	

Count:2273

DBF 
0.056320	QS 
0.094958	DQS 
0.067616	

BF 
0.057440	SBF 
0.035584	

Count:0

DBF 
0.297952	QS 
0.073965	DQS 
0.304928	

BF 
0.057056	SBF 
0.032704	

Count:1

DBF 
0.107232	QS 
0.076164	DQS 
0.130944	

BF 
0.052608	SBF 
DBF 
0.047168	QS 
0.091772	DQS 
0.084512	

BF 
0.054144	SBF 
DBF 
0.048768	QS 
0.106486	DQS 
0.103168	

BF 
0.053344	SBF 
DBF 
0.046752	QS 
0.180756	DQS 
0.161184	

BF 
0.050592	SBF 
DBF 
0.058208	QS 
0.259310	DQS 
0.249632	

BF 
0.053280	SBF 
DBF 
0.057856	QS 
0.409352	DQS 
0.394368	

BF 
0.648576	SBF 
DBF 
0.134016	QS 
0.717144	DQS 
0.155072	





File Name: Input/gutenberg.txt

BF 
0.197280	SBF 
0.129600	

Count:0

DBF 
0.369504	QS 
0.289131	DQS 
0.460512	

BF 
0.260480	SBF 
0.137120	

Count:0

DBF 
3.906112	QS 
0.311528	DQS 
1.997664	

BF 
0.302752	SBF 
0.130368	

Count:0

DBF 
0.651744	QS 
0.299595	DQS 
0.480064	

BF 
0.220704	SBF 
DBF 
1.349152	QS 
0.256086	DQS 
0.541568	

BF 
0.217248	SBF 
DBF 
3.064288	QS 
0.255137	DQS 
0.640512	

BF 
0.210784	SBF 
DBF 
0.817536	QS 
0.298892	DQS 
0.508480	

BF 
0.210624	SBF 
DBF 
0.664384	QS 
0.372526	DQS 
0.632896	

BF 
0.212480	SBF 
DBF 
0.506784	QS 
0.514867	DQS 
0.664448	

BF 
0.239456	SBF 
DBF 
0.378784	QS 
0.192975	DQS 
0.352064	





File Name: Input/bible.txt

BF 
0.292896	SBF 
0.163936	

Count:0

DBF 
0.606304	QS 
0.478753	DQS 
0.702944	

BF 
0.621088	SBF 
0.199808	

Count:0

DBF 
30.969984	QS 
0.622243	DQS 
14.269056	

BF 
0.479904	SBF 
0.186592	

Count:0

DBF 
0.715264	QS 
0.460121	DQS 
0.709248	

BF 
0.384160	SBF 
DBF 
2.364768	QS 
0.371708	DQS 
0.857248	

BF 
0.380288	SBF 
DBF 
4.343072	QS 
0.378852	DQS 
1.025248	

BF 
0.326976	SBF 
DBF 
0.888160	QS 
0.432210	DQS 
0.752448	

BF 
0.324448	SBF 
DBF 
0.970432	QS 
0.484163	DQS 
0.826624	

BF 
0.323840	SBF 
DBF 
0.704576	QS 
0.614481	DQS 
0.893120	

BF 
0.408192	SBF 
DBF 
0.702656	QS 
0.249316	DQS 
0.531456	





File Name: Input/ecoli.txt

BF 
0.327904	SBF 
0.211424	

Count:0

DBF 
0.726272	QS 
0.496827	DQS 
0.808416	

BF 
0.328352	SBF 
0.215680	

Count:0

DBF 
0.510496	QS 
0.500726	DQS 
0.696576	

BF 
0.551744	SBF 
0.215232	

Count:0

DBF 
0.713184	QS 
0.630578	DQS 
0.802112	

BF 
0.328544	SBF 
DBF 
0.510784	QS 
0.399341	DQS 
0.698048	

BF 
0.328576	SBF 
DBF 
0.509600	QS 
0.433214	DQS 
0.699168	

BF 
0.326720	SBF 
DBF 
0.510304	QS 
0.439506	DQS 
0.757568	

BF 
0.327552	SBF 
DBF 
0.511008	QS 
0.570015	DQS 
0.858496	

BF 
0.328960	SBF 
DBF 
0.514464	QS 
0.670377	DQS 
0.980736	

BF 
0.326112	SBF 
DBF 
0.510112	QS 
0.268251	DQS 
0.600032	





File Name: Input/lexicon.txt

BF 
0.145600	SBF 
0.807008	

Count:113550

DBF 
0.246880	QS 
